Part 0 | Epoch 00000 | Step 00000 | Loss 7.2408 | Train Acc 0.0080 | Speed (samples/sec) nan | GPU 1699.4 MB | time 3.057 s
=====================
Part 0, Epoch Time(s): 15.2183
Sampling Time(s): 0.6815
Loading Time(s): 3.7312
Forward Time(s): 0.9252
Backward Time(s): 3.3249
Update Time(s): 0.0553
Emb Update Time(s): 6.4810
#seeds: 6145
#inputs: 1929680
=====================
Part 0, Epoch 1, Val Acc avg 0.3075, Test Acc avg 0.2602
Part 0 | Epoch 00001 | Step 00000 | Loss 2.6576 | Train Acc 0.3660 | Speed (samples/sec) 379.7921 | GPU 1726.4 MB | time 2.743 s
=====================
Part 0, Epoch Time(s): 14.2584
Sampling Time(s): 0.6678
Loading Time(s): 4.1741
Forward Time(s): 0.1077
Backward Time(s): 3.2673
Update Time(s): 0.0107
Emb Update Time(s): 6.0167
#seeds: 6145
#inputs: 1928788
=====================
Part 0, Epoch 2, Val Acc avg 0.3078, Test Acc avg 0.2586
Part 0 | Epoch 00002 | Step 00000 | Loss 2.4476 | Train Acc 0.3850 | Speed (samples/sec) 400.5556 | GPU 1732.6 MB | time 2.739 s
=====================
Part 0, Epoch Time(s): 14.5832
Sampling Time(s): 0.5575
Loading Time(s): 4.8119
Forward Time(s): 0.1112
Backward Time(s): 3.0513
Update Time(s): 0.0118
Emb Update Time(s): 6.0256
#seeds: 6145
#inputs: 1928742
=====================
Part 0, Epoch 3, Val Acc avg 0.3078, Test Acc avg 0.2627
Part 0 | Epoch 00003 | Step 00000 | Loss 2.2068 | Train Acc 0.4500 | Speed (samples/sec) 404.8073 | GPU 1732.6 MB | time 2.540 s
=====================
Part 0, Epoch Time(s): 13.6061
Sampling Time(s): 0.4924
Loading Time(s): 4.2532
Forward Time(s): 0.1073
Backward Time(s): 2.7427
Update Time(s): 0.0104
Emb Update Time(s): 5.9875
#seeds: 6145
#inputs: 1925883
=====================
Part 0, Epoch 4, Val Acc avg 0.3170, Test Acc avg 0.2734
Part 0 | Epoch 00004 | Step 00000 | Loss 2.0684 | Train Acc 0.4560 | Speed (samples/sec) 412.5652 | GPU 1732.6 MB | time 2.583 s
=====================
Part 0, Epoch Time(s): 13.7832
Sampling Time(s): 0.5183
Loading Time(s): 4.4672
Forward Time(s): 0.1110
Backward Time(s): 3.0219
Update Time(s): 0.0128
Emb Update Time(s): 5.6402
#seeds: 6145
#inputs: 1930886
=====================
Part 0, Epoch 5, Val Acc avg 0.3606, Test Acc avg 0.3157
Part 0 | Epoch 00005 | Step 00000 | Loss 1.8735 | Train Acc 0.4960 | Speed (samples/sec) 416.3233 | GPU 1732.6 MB | time 2.519 s
=====================
Part 0, Epoch Time(s): 13.4787
Sampling Time(s): 0.5906
Loading Time(s): 4.2092
Forward Time(s): 0.1082
Backward Time(s): 2.9089
Update Time(s): 0.0104
Emb Update Time(s): 5.6380
#seeds: 6145
#inputs: 1935090
=====================
Part 0, Epoch 6, Val Acc avg 0.5539, Test Acc avg 0.4546
Part 0 | Epoch 00006 | Step 00000 | Loss 1.6546 | Train Acc 0.5350 | Speed (samples/sec) 419.9860 | GPU 1732.6 MB | time 2.607 s
=====================
Part 0, Epoch Time(s): 13.5802
Sampling Time(s): 0.6385
Loading Time(s): 4.7871
Forward Time(s): 0.1056
Backward Time(s): 2.2838
Update Time(s): 0.0095
Emb Update Time(s): 5.7414
#seeds: 6145
#inputs: 1931407
=====================
Part 0, Epoch 7, Val Acc avg 0.6627, Test Acc avg 0.5169
Part 0 | Epoch 00007 | Step 00000 | Loss 1.3707 | Train Acc 0.6410 | Speed (samples/sec) 422.2181 | GPU 1732.6 MB | time 2.618 s
=====================
Part 0, Epoch Time(s): 13.5296
Sampling Time(s): 0.5415
Loading Time(s): 3.6671
Forward Time(s): 0.1054
Backward Time(s): 3.4988
Update Time(s): 0.0095
Emb Update Time(s): 5.6959
#seeds: 6145
#inputs: 1927153
=====================
Part 0, Epoch 8, Val Acc avg 0.7350, Test Acc avg 0.5610
Part 0 | Epoch 00008 | Step 00000 | Loss 1.1586 | Train Acc 0.6930 | Speed (samples/sec) 424.2675 | GPU 1732.6 MB | time 2.565 s
=====================
Part 0, Epoch Time(s): 13.2564
Sampling Time(s): 0.5752
Loading Time(s): 4.4158
Forward Time(s): 0.1059
Backward Time(s): 2.6673
Update Time(s): 0.0096
Emb Update Time(s): 5.4688
#seeds: 6145
#inputs: 1933246
=====================
Part 0, Epoch 9, Val Acc avg 0.7930, Test Acc avg 0.5987
Part 0 | Epoch 00009 | Step 00000 | Loss 0.9099 | Train Acc 0.7750 | Speed (samples/sec) 426.1767 | GPU 1732.6 MB | time 2.823 s
=====================
Part 0, Epoch Time(s): 14.0589
Sampling Time(s): 0.7121
Loading Time(s): 4.8517
Forward Time(s): 0.1079
Backward Time(s): 2.5475
Update Time(s): 0.0101
Emb Update Time(s): 5.8158
#seeds: 6145
#inputs: 1929416
=====================
Part 0, Epoch 10, Val Acc avg 0.8336, Test Acc avg 0.6396
Part 0 | Epoch 00010 | Step 00000 | Loss 0.7202 | Train Acc 0.8170 | Speed (samples/sec) 426.1195 | GPU 1732.6 MB | time 2.616 s
=====================
Part 0, Epoch Time(s): 13.8139
Sampling Time(s): 0.6213
Loading Time(s): 5.5714
Forward Time(s): 0.1057
Backward Time(s): 1.9019
Update Time(s): 0.0082
Emb Update Time(s): 5.5917
#seeds: 6145
#inputs: 1927983
=====================
Part 0, Epoch 11, Val Acc avg 0.8665, Test Acc avg 0.6774
Part 0 | Epoch 00011 | Step 00000 | Loss 0.5995 | Train Acc 0.8570 | Speed (samples/sec) 426.3069 | GPU 1732.6 MB | time 2.608 s
=====================
Part 0, Epoch Time(s): 13.2854
Sampling Time(s): 0.7300
Loading Time(s): 4.2882
Forward Time(s): 0.1073
Backward Time(s): 2.8123
Update Time(s): 0.0089
Emb Update Time(s): 5.3263
#seeds: 6145
#inputs: 1931373
=====================
Part 0, Epoch 12, Val Acc avg 0.8856, Test Acc avg 0.7002
Part 0 | Epoch 00012 | Step 00000 | Loss 0.4536 | Train Acc 0.8890 | Speed (samples/sec) 428.1969 | GPU 1732.6 MB | time 2.522 s
=====================
Part 0, Epoch Time(s): 13.4094
Sampling Time(s): 0.5486
Loading Time(s): 4.2162
Forward Time(s): 0.1062
Backward Time(s): 3.0423
Update Time(s): 0.0095
Emb Update Time(s): 5.4732
#seeds: 6145
#inputs: 1922338
=====================
Part 0, Epoch 13, Val Acc avg 0.8963, Test Acc avg 0.7101
Part 0 | Epoch 00013 | Step 00000 | Loss 0.3132 | Train Acc 0.9260 | Speed (samples/sec) 428.8964 | GPU 1732.6 MB | time 2.628 s
=====================
Part 0, Epoch Time(s): 13.5838
Sampling Time(s): 0.5601
Loading Time(s): 6.1381
Forward Time(s): 0.1043
Backward Time(s): 1.1484
Update Time(s): 0.0080
Emb Update Time(s): 5.6111
#seeds: 6145
#inputs: 1926796
=====================
Part 0, Epoch 14, Val Acc avg 0.9002, Test Acc avg 0.7156
Part 0 | Epoch 00014 | Step 00000 | Loss 0.3685 | Train Acc 0.9120 | Speed (samples/sec) 429.6383 | GPU 1732.6 MB | time 2.556 s
=====================
Part 0, Epoch Time(s): 13.5462
Sampling Time(s): 0.6899
Loading Time(s): 5.0093
Forward Time(s): 0.1066
Backward Time(s): 2.1790
Update Time(s): 0.0097
Emb Update Time(s): 5.5383
#seeds: 6145
#inputs: 1929137
=====================
Part 0, Epoch 15, Val Acc avg 0.9035, Test Acc avg 0.7207
Part 0 | Epoch 00015 | Step 00000 | Loss 0.3012 | Train Acc 0.9270 | Speed (samples/sec) 430.0402 | GPU 1732.6 MB | time 2.563 s
=====================
Part 0, Epoch Time(s): 12.6983
Sampling Time(s): 0.6368
Loading Time(s): 4.2521
Forward Time(s): 0.1066
Backward Time(s): 2.1314
Update Time(s): 0.0100
Emb Update Time(s): 5.5458
#seeds: 6145
#inputs: 1931899
=====================
Part 0, Epoch 16, Val Acc avg 0.9060, Test Acc avg 0.7236
Part 0 | Epoch 00016 | Step 00000 | Loss 0.2179 | Train Acc 0.9480 | Speed (samples/sec) 432.3916 | GPU 1732.6 MB | time 2.593 s
=====================
Part 0, Epoch Time(s): 13.5426
Sampling Time(s): 0.5291
Loading Time(s): 4.6722
Forward Time(s): 0.1056
Backward Time(s): 2.7690
Update Time(s): 0.0091
Emb Update Time(s): 5.4440
#seeds: 6145
#inputs: 1930367
=====================
Part 0, Epoch 17, Val Acc avg 0.9078, Test Acc avg 0.7311
Part 0 | Epoch 00017 | Step 00000 | Loss 0.2870 | Train Acc 0.9380 | Speed (samples/sec) 432.8104 | GPU 1732.6 MB | time 2.453 s
=====================
Part 0, Epoch Time(s): 12.9992
Sampling Time(s): 0.6176
Loading Time(s): 3.2503
Forward Time(s): 0.1061
Backward Time(s): 3.5914
Update Time(s): 0.0101
Emb Update Time(s): 5.4114
#seeds: 6145
#inputs: 1932718
=====================
Part 0, Epoch 18, Val Acc avg 0.9093, Test Acc avg 0.7333
Part 0 | Epoch 00018 | Step 00000 | Loss 0.2174 | Train Acc 0.9570 | Speed (samples/sec) 433.6244 | GPU 1732.6 MB | time 2.876 s
=====================
Part 0, Epoch Time(s): 13.7928
Sampling Time(s): 0.4830
Loading Time(s): 4.6127
Forward Time(s): 0.1043
Backward Time(s): 2.8475
Update Time(s): 0.0092
Emb Update Time(s): 5.7232
#seeds: 6145
#inputs: 1930492
=====================
Part 0, Epoch 19, Val Acc avg 0.9101, Test Acc avg 0.7376
Part 0 | Epoch 00019 | Step 00000 | Loss 0.2026 | Train Acc 0.9520 | Speed (samples/sec) 433.9662 | GPU 1732.6 MB | time 2.557 s
=====================
Part 0, Epoch Time(s): 13.0043
Sampling Time(s): 0.5041
Loading Time(s): 4.1967
Forward Time(s): 0.1055
Backward Time(s): 2.6987
Update Time(s): 0.0101
Emb Update Time(s): 5.4767
#seeds: 6145
#inputs: 1924449
=====================
Part 0, Epoch 20, Val Acc avg 0.9119, Test Acc avg 0.7401
