Part 0 | Epoch 00000 | Step 00000 | Loss 7.1780 | Train Acc 0.0160 | Speed (samples/sec) nan | GPU 1381.7 MB | time 2.719 s
=====================
Part 0, Epoch Time(s): 13.2624
Sampling Time(s): 0.6342
Loading Time(s): 2.2960
Forward Time(s): 1.2896
Backward Time(s): 4.0117
Update Time(s): 0.0479
Emb Update Time(s): 4.9680
#seeds: 6145
#inputs: 1928618
=====================
Part 0, Epoch 1, Val Acc avg 0.3078, Test Acc avg 0.2554
Part 0 | Epoch 00001 | Step 00000 | Loss 2.4227 | Train Acc 0.3810 | Speed (samples/sec) 448.0742 | GPU 1646.7 MB | time 2.380 s
=====================
Part 0, Epoch Time(s): 12.4902
Sampling Time(s): 0.5560
Loading Time(s): 2.6365
Forward Time(s): 0.1065
Backward Time(s): 4.4501
Update Time(s): 0.0093
Emb Update Time(s): 4.7198
#seeds: 6145
#inputs: 1930960
=====================
Part 0, Epoch 2, Val Acc avg 0.3280, Test Acc avg 0.2701
Part 0 | Epoch 00002 | Step 00000 | Loss 2.3315 | Train Acc 0.4400 | Speed (samples/sec) 463.3835 | GPU 1646.7 MB | time 2.409 s
=====================
Part 0, Epoch Time(s): 12.7982
Sampling Time(s): 0.5365
Loading Time(s): 3.6307
Forward Time(s): 0.1060
Backward Time(s): 3.6367
Update Time(s): 0.0089
Emb Update Time(s): 4.8661
#seeds: 6145
#inputs: 1933121
=====================
Part 0, Epoch 3, Val Acc avg 0.3539, Test Acc avg 0.2860
Part 0 | Epoch 00003 | Step 00000 | Loss 1.8476 | Train Acc 0.4990 | Speed (samples/sec) 462.8067 | GPU 1648.5 MB | time 2.479 s
=====================
Part 0, Epoch Time(s): 12.5087
Sampling Time(s): 0.6356
Loading Time(s): 2.7204
Forward Time(s): 0.1062
Backward Time(s): 4.2578
Update Time(s): 0.0082
Emb Update Time(s): 4.7686
#seeds: 6145
#inputs: 1934783
=====================
Part 0, Epoch 4, Val Acc avg 0.5809, Test Acc avg 0.3988
Part 0 | Epoch 00004 | Step 00000 | Loss 1.3831 | Train Acc 0.6280 | Speed (samples/sec) 467.4172 | GPU 1648.5 MB | time 2.290 s
=====================
Part 0, Epoch Time(s): 12.4479
Sampling Time(s): 0.5571
Loading Time(s): 3.2632
Forward Time(s): 0.1061
Backward Time(s): 3.8834
Update Time(s): 0.0087
Emb Update Time(s): 4.6182
#seeds: 6145
#inputs: 1932351
=====================
Part 0, Epoch 5, Val Acc avg 0.7029, Test Acc avg 0.4767
Part 0 | Epoch 00005 | Step 00000 | Loss 1.0230 | Train Acc 0.7450 | Speed (samples/sec) 468.4764 | GPU 1649.8 MB | time 2.428 s
=====================
Part 0, Epoch Time(s): 12.4143
Sampling Time(s): 0.6042
Loading Time(s): 3.0447
Forward Time(s): 0.1062
Backward Time(s): 3.8798
Update Time(s): 0.0099
Emb Update Time(s): 4.7564
#seeds: 6145
#inputs: 1930961
=====================
Part 0, Epoch 6, Val Acc avg 0.7668, Test Acc avg 0.5242
Part 0 | Epoch 00006 | Step 00000 | Loss 0.7701 | Train Acc 0.8030 | Speed (samples/sec) 470.0893 | GPU 1649.8 MB | time 2.446 s
=====================
Part 0, Epoch Time(s): 12.3780
Sampling Time(s): 0.5447
Loading Time(s): 3.3611
Forward Time(s): 0.1072
Backward Time(s): 3.7984
Update Time(s): 0.0091
Emb Update Time(s): 4.5426
#seeds: 6145
#inputs: 1930329
=====================
Part 0, Epoch 7, Val Acc avg 0.8251, Test Acc avg 0.5745
Part 0 | Epoch 00007 | Step 00000 | Loss 0.5182 | Train Acc 0.8720 | Speed (samples/sec) 471.4038 | GPU 1649.8 MB | time 2.488 s
=====================
Part 0, Epoch Time(s): 12.3686
Sampling Time(s): 0.6157
Loading Time(s): 2.7712
Forward Time(s): 0.1063
Backward Time(s): 4.2026
Update Time(s): 0.0092
Emb Update Time(s): 4.6516
#seeds: 6145
#inputs: 1928735
=====================
Part 0, Epoch 8, Val Acc avg 0.8646, Test Acc avg 0.6233
Part 0 | Epoch 00008 | Step 00000 | Loss 0.4826 | Train Acc 0.8880 | Speed (samples/sec) 473.5739 | GPU 1649.8 MB | time 2.352 s
=====================
Part 0, Epoch Time(s): 12.0556
Sampling Time(s): 0.6133
Loading Time(s): 2.7130
Forward Time(s): 0.1059
Backward Time(s): 4.0595
Update Time(s): 0.0097
Emb Update Time(s): 4.5424
#seeds: 6145
#inputs: 1929042
=====================
Part 0, Epoch 9, Val Acc avg 0.8767, Test Acc avg 0.6437
Part 0 | Epoch 00009 | Step 00000 | Loss 0.3109 | Train Acc 0.9250 | Speed (samples/sec) 475.6821 | GPU 1649.8 MB | time 2.411 s
=====================
Part 0, Epoch Time(s): 12.1091
Sampling Time(s): 0.6684
Loading Time(s): 2.9218
Forward Time(s): 0.1071
Backward Time(s): 3.9790
Update Time(s): 0.0092
Emb Update Time(s): 4.4116
#seeds: 6145
#inputs: 1928318
=====================
Part 0, Epoch 10, Val Acc avg 0.8827, Test Acc avg 0.6594
Part 0 | Epoch 00010 | Step 00000 | Loss 0.3469 | Train Acc 0.9210 | Speed (samples/sec) 477.6331 | GPU 1649.8 MB | time 2.237 s
=====================
Part 0, Epoch Time(s): 11.7705
Sampling Time(s): 0.5670
Loading Time(s): 3.0237
Forward Time(s): 0.1065
Backward Time(s): 3.5472
Update Time(s): 0.0101
Emb Update Time(s): 4.5047
#seeds: 6145
#inputs: 1929257
=====================
Part 0, Epoch 11, Val Acc avg 0.8884, Test Acc avg 0.6689
Part 0 | Epoch 00011 | Step 00000 | Loss 0.3279 | Train Acc 0.9250 | Speed (samples/sec) 479.3518 | GPU 1649.8 MB | time 2.433 s
=====================
Part 0, Epoch Time(s): 12.1088
Sampling Time(s): 0.6936
Loading Time(s): 2.3201
Forward Time(s): 0.1048
Backward Time(s): 4.4748
Update Time(s): 0.0085
Emb Update Time(s): 4.4952
#seeds: 6145
#inputs: 1921660
=====================
Part 0, Epoch 12, Val Acc avg 0.8918, Test Acc avg 0.6766
Part 0 | Epoch 00012 | Step 00000 | Loss 0.2343 | Train Acc 0.9410 | Speed (samples/sec) 480.7125 | GPU 1649.8 MB | time 2.370 s
=====================
Part 0, Epoch Time(s): 12.0777
Sampling Time(s): 0.5342
Loading Time(s): 2.8548
Forward Time(s): 0.1060
Backward Time(s): 3.9206
Update Time(s): 0.0097
Emb Update Time(s): 4.6400
#seeds: 6145
#inputs: 1936258
=====================
Part 0, Epoch 13, Val Acc avg 0.8945, Test Acc avg 0.6820
Part 0 | Epoch 00013 | Step 00000 | Loss 0.2246 | Train Acc 0.9500 | Speed (samples/sec) 481.5899 | GPU 1649.8 MB | time 2.290 s
=====================
Part 0, Epoch Time(s): 12.3572
Sampling Time(s): 0.5246
Loading Time(s): 3.2799
Forward Time(s): 0.1066
Backward Time(s): 4.0257
Update Time(s): 0.0093
Emb Update Time(s): 4.3991
#seeds: 6145
#inputs: 1928226
=====================
Part 0, Epoch 14, Val Acc avg 0.8964, Test Acc avg 0.6859
Part 0 | Epoch 00014 | Step 00000 | Loss 0.2567 | Train Acc 0.9400 | Speed (samples/sec) 481.2842 | GPU 1649.8 MB | time 2.358 s
=====================
Part 0, Epoch Time(s): 12.1033
Sampling Time(s): 0.7534
Loading Time(s): 2.9024
Forward Time(s): 0.1056
Backward Time(s): 3.9067
Update Time(s): 0.0082
Emb Update Time(s): 4.4140
#seeds: 6145
#inputs: 1930472
=====================
Part 0, Epoch 15, Val Acc avg 0.8985, Test Acc avg 0.6898
Part 0 | Epoch 00015 | Step 00000 | Loss 0.2816 | Train Acc 0.9280 | Speed (samples/sec) 482.0392 | GPU 1649.8 MB | time 2.266 s
=====================
Part 0, Epoch Time(s): 11.8304
Sampling Time(s): 0.6238
Loading Time(s): 2.7557
Forward Time(s): 0.1043
Backward Time(s): 3.9587
Update Time(s): 0.0086
Emb Update Time(s): 4.3668
#seeds: 6145
#inputs: 1926319
=====================
Part 0, Epoch 16, Val Acc avg 0.9000, Test Acc avg 0.6928
Part 0 | Epoch 00016 | Step 00000 | Loss 0.2002 | Train Acc 0.9460 | Speed (samples/sec) 482.8385 | GPU 1649.8 MB | time 2.435 s
=====================
Part 0, Epoch Time(s): 11.9876
Sampling Time(s): 0.6501
Loading Time(s): 2.4319
Forward Time(s): 0.1051
Backward Time(s): 4.3457
Update Time(s): 0.0088
Emb Update Time(s): 4.4344
#seeds: 6145
#inputs: 1932915
=====================
Part 0, Epoch 17, Val Acc avg 0.9011, Test Acc avg 0.6944
Part 0 | Epoch 00017 | Step 00000 | Loss 0.1770 | Train Acc 0.9520 | Speed (samples/sec) 483.9200 | GPU 1649.8 MB | time 2.321 s
=====================
Part 0, Epoch Time(s): 12.1309
Sampling Time(s): 0.6281
Loading Time(s): 2.9339
Forward Time(s): 0.1050
Backward Time(s): 4.0694
Update Time(s): 0.0091
Emb Update Time(s): 4.3738
#seeds: 6145
#inputs: 1928440
=====================
Part 0, Epoch 18, Val Acc avg 0.9018, Test Acc avg 0.6968
Part 0 | Epoch 00018 | Step 00000 | Loss 0.1732 | Train Acc 0.9540 | Speed (samples/sec) 484.3164 | GPU 1649.8 MB | time 2.316 s
=====================
Part 0, Epoch Time(s): 11.9822
Sampling Time(s): 0.6032
Loading Time(s): 3.3107
Forward Time(s): 0.1050
Backward Time(s): 3.6758
Update Time(s): 0.0092
Emb Update Time(s): 4.2667
#seeds: 6145
#inputs: 1931925
=====================
Part 0, Epoch 19, Val Acc avg 0.9027, Test Acc avg 0.6986
Part 0 | Epoch 00019 | Step 00000 | Loss 0.1938 | Train Acc 0.9470 | Speed (samples/sec) 484.7612 | GPU 1649.8 MB | time 2.383 s
=====================
Part 0, Epoch Time(s): 11.9011
Sampling Time(s): 0.5374
Loading Time(s): 2.8910
Forward Time(s): 0.1048
Backward Time(s): 4.0527
Update Time(s): 0.0081
Emb Update Time(s): 4.2954
#seeds: 6145
#inputs: 1926863
=====================
Part 0, Epoch 20, Val Acc avg 0.9034, Test Acc avg 0.6995
