=====================
Part 6 | Epoch 00000 | Step 00000 | Loss 3.8216 | Train Acc 0.0060 | Speed (samples/sec) nan | GPU 6112.9 MB | time 3.601 s
=====================
Part 0, Epoch Time(s): 18.8864
Sampling Time(s): 0.4602
Loading Time(s): 3.3059
Forward Time(s): 1.6645
Backward Time(s): 4.6766
Update Time(s): 0.0689
Emb Update Time(s): 8.6568
#seeds: 6144
#inputs: 1934658
=====================
Part 6, Epoch 1, Val Acc avg 0.3458, Test Acc avg 0.2806
Part 6 | Epoch 00001 | Step 00000 | Loss 2.0034 | Train Acc 0.5230 | Speed (samples/sec) 315.7700 | GPU 8472.3 MB | time 3.175 s
=====================
Part 0, Epoch Time(s): 18.1556
Sampling Time(s): 0.2848
Loading Time(s): 2.7859
Forward Time(s): 0.9025
Backward Time(s): 5.5450
Update Time(s): 0.0117
Emb Update Time(s): 8.5739
#seeds: 6144
#inputs: 1935714
=====================
Part 6, Epoch 2, Val Acc avg 0.6931, Test Acc avg 0.5381
Part 6 | Epoch 00002 | Step 00000 | Loss 1.2038 | Train Acc 0.7790 | Speed (samples/sec) 321.9197 | GPU 8472.7 MB | time 3.097 s
=====================
Part 0, Epoch Time(s): 17.5799
Sampling Time(s): 0.2790
Loading Time(s): 2.6198
Forward Time(s): 0.9076
Backward Time(s): 5.7309
Update Time(s): 0.0120
Emb Update Time(s): 7.9706
#seeds: 6144
#inputs: 1934012
=====================
Part 6, Epoch 3, Val Acc avg 0.7462, Test Acc avg 0.5939
Part 6 | Epoch 00003 | Step 00000 | Loss 0.4749 | Train Acc 0.8740 | Speed (samples/sec) 326.9128 | GPU 8472.7 MB | time 3.070 s
=====================
Part 0, Epoch Time(s): 17.6409
Sampling Time(s): 0.3838
Loading Time(s): 3.2932
Forward Time(s): 0.9074
Backward Time(s): 4.8862
Update Time(s): 0.0117
Emb Update Time(s): 8.1134
#seeds: 6144
#inputs: 1936278
=====================
Part 6, Epoch 4, Val Acc avg 0.8850, Test Acc avg 0.7205
Part 6 | Epoch 00004 | Step 00000 | Loss 0.3416 | Train Acc 0.9320 | Speed (samples/sec) 328.5681 | GPU 8472.7 MB | time 3.127 s
=====================
Part 0, Epoch Time(s): 17.2862
Sampling Time(s): 0.4133
Loading Time(s): 3.7123
Forward Time(s): 0.9024
Backward Time(s): 4.4273
Update Time(s): 0.0124
Emb Update Time(s): 7.7676
#seeds: 6144
#inputs: 1937384
=====================
Part 6, Epoch 5, Val Acc avg 0.8961, Test Acc avg 0.7304
Part 6 | Epoch 00005 | Step 00000 | Loss 0.2239 | Train Acc 0.9380 | Speed (samples/sec) 331.3570 | GPU 8477.3 MB | time 3.105 s
=====================
Part 0, Epoch Time(s): 17.4258
Sampling Time(s): 0.3199
Loading Time(s): 3.3517
Forward Time(s): 0.9004
Backward Time(s): 4.9360
Update Time(s): 0.0123
Emb Update Time(s): 7.8505
#seeds: 6144
#inputs: 1944073
=====================
Part 6, Epoch 6, Val Acc avg 0.9018, Test Acc avg 0.7408
Part 6 | Epoch 00006 | Step 00000 | Loss 0.2541 | Train Acc 0.9400 | Speed (samples/sec) 332.4724 | GPU 8477.3 MB | time 3.116 s
=====================
Part 0, Epoch Time(s): 17.1958
Sampling Time(s): 0.4497
Loading Time(s): 2.8476
Forward Time(s): 0.9007
Backward Time(s): 5.1814
Update Time(s): 0.0130
Emb Update Time(s): 7.7539
#seeds: 6144
#inputs: 1942950
=====================
Part 6, Epoch 7, Val Acc avg 0.9056, Test Acc avg 0.7473
Part 6 | Epoch 00007 | Step 00000 | Loss 0.2539 | Train Acc 0.9340 | Speed (samples/sec) 334.2741 | GPU 8477.3 MB | time 3.050 s
=====================
Part 0, Epoch Time(s): 17.2436
Sampling Time(s): 0.3566
Loading Time(s): 3.5863
Forward Time(s): 0.9018
Backward Time(s): 4.5378
Update Time(s): 0.0113
Emb Update Time(s): 7.8011
#seeds: 6144
#inputs: 1935405
=====================
Part 6, Epoch 8, Val Acc avg 0.9101, Test Acc avg 0.7554
Part 6 | Epoch 00008 | Step 00000 | Loss 0.1627 | Train Acc 0.9540 | Speed (samples/sec) 335.4196 | GPU 8477.3 MB | time 2.950 s
=====================
Part 0, Epoch Time(s): 17.1945
Sampling Time(s): 0.3725
Loading Time(s): 3.5661
Forward Time(s): 0.8945
Backward Time(s): 4.5606
Update Time(s): 0.0120
Emb Update Time(s): 7.7447
#seeds: 6144
#inputs: 1933243
=====================
Part 6, Epoch 9, Val Acc avg 0.9135, Test Acc avg 0.7646
Part 6 | Epoch 00009 | Step 00000 | Loss 0.1585 | Train Acc 0.9590 | Speed (samples/sec) 336.2173 | GPU 8477.3 MB | time 2.987 s
=====================
Part 0, Epoch Time(s): 17.1150
Sampling Time(s): 0.3550
Loading Time(s): 3.1534
Forward Time(s): 0.9041
Backward Time(s): 5.0395
Update Time(s): 0.0122
Emb Update Time(s): 7.6022
#seeds: 6144
#inputs: 1936635
=====================
Part 6, Epoch 10, Val Acc avg 0.9165, Test Acc avg 0.7791
Part 6 | Epoch 00010 | Step 00000 | Loss 0.1899 | Train Acc 0.9520 | Speed (samples/sec) 337.0071 | GPU 8477.3 MB | time 3.028 s
=====================
Part 0, Epoch Time(s): 17.2698
Sampling Time(s): 0.3450
Loading Time(s): 3.4359
Forward Time(s): 0.9009
Backward Time(s): 4.6271
Update Time(s): 0.0143
Emb Update Time(s): 7.9082
#seeds: 6144
#inputs: 1932984
=====================
Part 6, Epoch 11, Val Acc avg 0.9175, Test Acc avg 0.7821
Part 6 | Epoch 00011 | Step 00000 | Loss 0.1176 | Train Acc 0.9680 | Speed (samples/sec) 337.3816 | GPU 8477.3 MB | time 2.983 s
=====================
Part 0, Epoch Time(s): 17.0115
Sampling Time(s): 0.3233
Loading Time(s): 3.2454
Forward Time(s): 0.9015
Backward Time(s): 4.7730
Update Time(s): 0.0135
Emb Update Time(s): 7.7017
#seeds: 6144
#inputs: 1940859
=====================
Part 6, Epoch 12, Val Acc avg 0.9205, Test Acc avg 0.7895
Part 6 | Epoch 00012 | Step 00000 | Loss 0.1610 | Train Acc 0.9590 | Speed (samples/sec) 338.1089 | GPU 8477.3 MB | time 3.050 s
=====================
Part 0, Epoch Time(s): 17.0086
Sampling Time(s): 0.3407
Loading Time(s): 2.9853
Forward Time(s): 0.9071
Backward Time(s): 5.0741
Update Time(s): 0.0113
Emb Update Time(s): 7.6392
#seeds: 6144
#inputs: 1941185
=====================
Part 6, Epoch 13, Val Acc avg 0.9208, Test Acc avg 0.7900
Part 6 | Epoch 00013 | Step 00000 | Loss 0.1299 | Train Acc 0.9710 | Speed (samples/sec) 338.6845 | GPU 8477.3 MB | time 3.084 s
=====================
Part 0, Epoch Time(s): 17.0808
Sampling Time(s): 0.3311
Loading Time(s): 2.5732
Forward Time(s): 0.8990
Backward Time(s): 5.6652
Update Time(s): 0.0115
Emb Update Time(s): 7.5587
#seeds: 6144
#inputs: 1937996
=====================
Part 6, Epoch 14, Val Acc avg 0.9203, Test Acc avg 0.7913
Part 6 | Epoch 00014 | Step 00000 | Loss 0.1152 | Train Acc 0.9670 | Speed (samples/sec) 339.1676 | GPU 8477.3 MB | time 3.114 s
=====================
Part 0, Epoch Time(s): 17.0710
Sampling Time(s): 0.3899
Loading Time(s): 3.2759
Forward Time(s): 0.8991
Backward Time(s): 4.7296
Update Time(s): 0.0109
Emb Update Time(s): 7.7131
#seeds: 6144
#inputs: 1940286
=====================
Part 6, Epoch 15, Val Acc avg 0.9203, Test Acc avg 0.7916
Part 6 | Epoch 00015 | Step 00000 | Loss 0.1404 | Train Acc 0.9590 | Speed (samples/sec) 339.6341 | GPU 8477.3 MB | time 3.108 s
=====================
Part 0, Epoch Time(s): 16.8809
Sampling Time(s): 0.3778
Loading Time(s): 2.6326
Forward Time(s): 0.8980
Backward Time(s): 5.4001
Update Time(s): 0.0107
Emb Update Time(s): 7.5148
#seeds: 6144
#inputs: 1936593
=====================
Part 6, Epoch 16, Val Acc avg 0.9198, Test Acc avg 0.7943
Part 6 | Epoch 00016 | Step 00000 | Loss 0.1757 | Train Acc 0.9570 | Speed (samples/sec) 340.2125 | GPU 8477.3 MB | time 3.220 s
=====================
Part 0, Epoch Time(s): 17.0886
Sampling Time(s): 0.2904
Loading Time(s): 3.2497
Forward Time(s): 0.8982
Backward Time(s): 4.9881
Update Time(s): 0.0104
Emb Update Time(s): 7.6084
#seeds: 6144
#inputs: 1939045
=====================
Part 6, Epoch 17, Val Acc avg 0.9205, Test Acc avg 0.7908
Part 6 | Epoch 00017 | Step 00000 | Loss 0.1332 | Train Acc 0.9640 | Speed (samples/sec) 340.7385 | GPU 8477.3 MB | time 3.051 s
=====================
Part 0, Epoch Time(s): 17.1462
Sampling Time(s): 0.3387
Loading Time(s): 2.6729
Forward Time(s): 0.9017
Backward Time(s): 5.6532
Update Time(s): 0.0099
Emb Update Time(s): 7.5313
#seeds: 6144
#inputs: 1936057
=====================
Part 6, Epoch 18, Val Acc avg 0.9224, Test Acc avg 0.7898
Part 6 | Epoch 00018 | Step 00000 | Loss 0.1318 | Train Acc 0.9630 | Speed (samples/sec) 340.9223 | GPU 8477.3 MB | time 3.053 s
=====================
Part 0, Epoch Time(s): 16.9955
Sampling Time(s): 0.3899
Loading Time(s): 1.9875
Forward Time(s): 0.8966
Backward Time(s): 6.1102
Update Time(s): 0.0102
Emb Update Time(s): 7.5562
#seeds: 6144
#inputs: 1934579
=====================
Part 6, Epoch 19, Val Acc avg 0.9209, Test Acc avg 0.7893
Part 6 | Epoch 00019 | Step 00000 | Loss 0.1144 | Train Acc 0.9710 | Speed (samples/sec) 341.2676 | GPU 8477.3 MB | time 3.004 s
=====================
Part 0, Epoch Time(s): 17.0703
Sampling Time(s): 0.3562
Loading Time(s): 2.6152
Forward Time(s): 0.8953
Backward Time(s): 5.5060
Update Time(s): 0.0101
Emb Update Time(s): 7.6377
#seeds: 6144
#inputs: 1930250
=====================
Part 6, Epoch 20, Val Acc avg 0.9199, Test Acc avg 0.7891
