The number of OMP threads per trainer is set to 6
Namespace(graph_name='ogbn-products', id=None, ip_config='ip_config_4p.txt', part_config=None, n_classes=None, num_gpus=8, num_epochs=1, num_hidden=256, fan_out='10,25', batch_size=1000, batch_size_eval=100000, log_every=20, eval_every=1, lr=0.003, dropout=0.5, model_num_hidden=256, local_rank=None, standalone=False, sparse_lr=0.01, dgl_sparse=True)
Namespace(graph_name='ogbn-products', id=None, ip_config='ip_config_4p.txt', part_config=None, n_classes=None, num_gpus=8, num_epochs=1, num_hidden=256, fan_out='10,25', batch_size=1000, batch_size_eval=100000, log_every=20, eval_every=1, lr=0.003, dropout=0.5, model_num_hidden=256, local_rank=None, standalone=False, sparse_lr=0.01, dgl_sparse=True)
Namespace(graph_name='ogbn-products', id=None, ip_config='ip_config_4p.txt', part_config=None, n_classes=None, num_gpus=8, num_epochs=1, num_hidden=256, fan_out='10,25', batch_size=1000, batch_size_eval=100000, log_every=20, eval_every=1, lr=0.003, dropout=0.5, model_num_hidden=256.0, local_rank=None, standalone=False, sparse_lr=0.01, dgl_sparse=True)
Namespace(graph_name='ogbn-products', id=None, ip_config='ip_config_4p.txt', part_config=None, n_classes=None, num_gpus=8, num_epochs=1, num_hidden=256, fan_out='10,25', batch_size=1000, batch_size_eval=100000, log_every=20, eval_every=1, lr=0.003, dropout=0.5, model_num_hidden=256.0, local_rank=None, standalone=False, sparse_lr=0.01, dgl_sparse=True)
Namespace(graph_name='ogbn-products', id=None, ip_config='ip_config_4p.txt', part_config=None, n_classes=None, num_gpus=8, num_epochs=1, num_hidden=256, fan_out='10,25', batch_size=1000, batch_size_eval=100000, log_every=20, eval_every=1, lr=0.003, dropout=0.5, model_num_hidden=256, local_rank=None, standalone=False, sparse_lr=0.01, dgl_sparse=True)
Namespace(graph_name='ogbn-products', id=None, ip_config='ip_config_4p.txt', part_config=None, n_classes=None, num_gpus=8, num_epochs=1, num_hidden=256, fan_out='10,25', batch_size=1000, batch_size_eval=100000, log_every=20, eval_every=1, lr=0.003, dropout=0.5, model_num_hidden=256, local_rank=None, standalone=False, sparse_lr=0.01, dgl_sparse=True)
Namespace(graph_name='ogbn-products', id=None, ip_config='ip_config_4p.txt', part_config=None, n_classes=None, num_gpus=8, num_epochs=1, num_hidden=256, fan_out='10,25', batch_size=1000, batch_size_eval=100000, log_every=20, eval_every=1, lr=0.003, dropout=0.5, model_num_hidden=256.0, local_rank=None, standalone=False, sparse_lr=0.01, dgl_sparse=True)
Namespace(graph_name='ogbn-products', id=None, ip_config='ip_config_4p.txt', part_config=None, n_classes=None, num_gpus=8, num_epochs=1, num_hidden=256, fan_out='10,25', batch_size=1000, batch_size_eval=100000, log_every=20, eval_every=1, lr=0.003, dropout=0.5, model_num_hidden=256.0, local_rank=None, standalone=False, sparse_lr=0.01, dgl_sparse=True)
Namespace(graph_name='ogbn-products', id=None, ip_config='ip_config_4p.txt', part_config=None, n_classes=None, num_gpus=8, num_epochs=1, num_hidden=256, fan_out='10,25', batch_size=1000, batch_size_eval=100000, log_every=20, eval_every=1, lr=0.003, dropout=0.5, model_num_hidden=256.0, local_rank=None, standalone=False, sparse_lr=0.01, dgl_sparse=True)
Namespace(graph_name='ogbn-products', id=None, ip_config='ip_config_4p.txt', part_config=None, n_classes=None, num_gpus=8, num_epochs=1, num_hidden=256, fan_out='10,25', batch_size=1000, batch_size_eval=100000, log_every=20, eval_every=1, lr=0.003, dropout=0.5, model_num_hidden=256.0, local_rank=None, standalone=False, sparse_lr=0.01, dgl_sparse=True)
Namespace(graph_name='ogbn-products', id=None, ip_config='ip_config_4p.txt', part_config=None, n_classes=None, num_gpus=8, num_epochs=1, num_hidden=256, fan_out='10,25', batch_size=1000, batch_size_eval=100000, log_every=20, eval_every=1, lr=0.003, dropout=0.5, model_num_hidden=256.0, local_rank=None, standalone=False, sparse_lr=0.01, dgl_sparse=True)
Namespace(graph_name='ogbn-products', id=None, ip_config='ip_config_4p.txt', part_config=None, n_classes=None, num_gpus=8, num_epochs=1, num_hidden=256, fan_out='10,25', batch_size=1000, batch_size_eval=100000, log_every=20, eval_every=1, lr=0.003, dropout=0.5, model_num_hidden=256.0, local_rank=None, standalone=False, sparse_lr=0.01, dgl_sparse=True)
Namespace(graph_name='ogbn-products', id=None, ip_config='ip_config_4p.txt', part_config=None, n_classes=None, num_gpus=8, num_epochs=1, num_hidden=256, fan_out='10,25', batch_size=1000, batch_size_eval=100000, log_every=20, eval_every=1, lr=0.003, dropout=0.5, model_num_hidden=256.0, local_rank=None, standalone=False, sparse_lr=0.01, dgl_sparse=True)
Namespace(graph_name='ogbn-products', id=None, ip_config='ip_config_4p.txt', part_config=None, n_classes=None, num_gpus=8, num_epochs=1, num_hidden=256, fan_out='10,25', batch_size=1000, batch_size_eval=100000, log_every=20, eval_every=1, lr=0.003, dropout=0.5, model_num_hidden=256, local_rank=None, standalone=False, sparse_lr=0.01, dgl_sparse=True)
Namespace(graph_name='ogbn-products', id=None, ip_config='ip_config_4p.txt', part_config=None, n_classes=None, num_gpus=8, num_epochs=1, num_hidden=256, fan_out='10,25', batch_size=1000, batch_size_eval=100000, log_every=20, eval_every=1, lr=0.003, dropout=0.5, model_num_hidden=256, local_rank=None, standalone=False, sparse_lr=0.01, dgl_sparse=True)
Namespace(graph_name='ogbn-products', id=None, ip_config='ip_config_4p.txt', part_config=None, n_classes=None, num_gpus=8, num_epochs=1, num_hidden=256, fan_out='10,25', batch_size=1000, batch_size_eval=100000, log_every=20, eval_every=1, lr=0.003, dropout=0.5, model_num_hidden=256.0, local_rank=None, standalone=False, sparse_lr=0.01, dgl_sparse=True)
Namespace(graph_name='ogbn-products', id=None, ip_config='ip_config_4p.txt', part_config=None, n_classes=None, num_gpus=8, num_epochs=1, num_hidden=256, fan_out='10,25', batch_size=1000, batch_size_eval=100000, log_every=20, eval_every=1, lr=0.003, dropout=0.5, model_num_hidden=256.0, local_rank=None, standalone=False, sparse_lr=0.01, dgl_sparse=True)
Namespace(graph_name='ogbn-products', id=None, ip_config='ip_config_4p.txt', part_config=None, n_classes=None, num_gpus=8, num_epochs=1, num_hidden=256, fan_out='10,25', batch_size=1000, batch_size_eval=100000, log_every=20, eval_every=1, lr=0.003, dropout=0.5, model_num_hidden=256.0, local_rank=None, standalone=False, sparse_lr=0.01, dgl_sparse=True)
Namespace(graph_name='ogbn-products', id=None, ip_config='ip_config_4p.txt', part_config=None, n_classes=None, num_gpus=8, num_epochs=1, num_hidden=256, fan_out='10,25', batch_size=1000, batch_size_eval=100000, log_every=20, eval_every=1, lr=0.003, dropout=0.5, model_num_hidden=256.0, local_rank=None, standalone=False, sparse_lr=0.01, dgl_sparse=True)
Namespace(graph_name='ogbn-products', id=None, ip_config='ip_config_4p.txt', part_config=None, n_classes=None, num_gpus=8, num_epochs=1, num_hidden=256, fan_out='10,25', batch_size=1000, batch_size_eval=100000, log_every=20, eval_every=1, lr=0.003, dropout=0.5, model_num_hidden=256.0, local_rank=None, standalone=False, sparse_lr=0.01, dgl_sparse=True)
Namespace(graph_name='ogbn-products', id=None, ip_config='ip_config_4p.txt', part_config=None, n_classes=None, num_gpus=8, num_epochs=1, num_hidden=256, fan_out='10,25', batch_size=1000, batch_size_eval=100000, log_every=20, eval_every=1, lr=0.003, dropout=0.5, model_num_hidden=256, local_rank=None, standalone=False, sparse_lr=0.01, dgl_sparse=True)
Namespace(graph_name='ogbn-products', id=None, ip_config='ip_config_4p.txt', part_config=None, n_classes=None, num_gpus=8, num_epochs=1, num_hidden=256, fan_out='10,25', batch_size=1000, batch_size_eval=100000, log_every=20, eval_every=1, lr=0.003, dropout=0.5, model_num_hidden=256.0, local_rank=None, standalone=False, sparse_lr=0.01, dgl_sparse=True)
Namespace(graph_name='ogbn-products', id=None, ip_config='ip_config_4p.txt', part_config=None, n_classes=None, num_gpus=8, num_epochs=1, num_hidden=256, fan_out='10,25', batch_size=1000, batch_size_eval=100000, log_every=20, eval_every=1, lr=0.003, dropout=0.5, model_num_hidden=256.0, local_rank=None, standalone=False, sparse_lr=0.01, dgl_sparse=True)
Namespace(graph_name='ogbn-products', id=None, ip_config='ip_config_4p.txt', part_config=None, n_classes=None, num_gpus=8, num_epochs=1, num_hidden=256, fan_out='10,25', batch_size=1000, batch_size_eval=100000, log_every=20, eval_every=1, lr=0.003, dropout=0.5, model_num_hidden=256.0, local_rank=None, standalone=False, sparse_lr=0.01, dgl_sparse=True)
Namespace(graph_name='ogbn-products', id=None, ip_config='ip_config_4p.txt', part_config=None, n_classes=None, num_gpus=8, num_epochs=1, num_hidden=256, fan_out='10,25', batch_size=1000, batch_size_eval=100000, log_every=20, eval_every=1, lr=0.003, dropout=0.5, model_num_hidden=256.0, local_rank=None, standalone=False, sparse_lr=0.01, dgl_sparse=True)
Namespace(graph_name='ogbn-products', id=None, ip_config='ip_config_4p.txt', part_config=None, n_classes=None, num_gpus=8, num_epochs=1, num_hidden=256, fan_out='10,25', batch_size=1000, batch_size_eval=100000, log_every=20, eval_every=1, lr=0.003, dropout=0.5, model_num_hidden=256.0, local_rank=None, standalone=False, sparse_lr=0.01, dgl_sparse=True)
Namespace(graph_name='ogbn-products', id=None, ip_config='ip_config_4p.txt', part_config=None, n_classes=None, num_gpus=8, num_epochs=1, num_hidden=256, fan_out='10,25', batch_size=1000, batch_size_eval=100000, log_every=20, eval_every=1, lr=0.003, dropout=0.5, model_num_hidden=256.0, local_rank=None, standalone=False, sparse_lr=0.01, dgl_sparse=True)
Namespace(graph_name='ogbn-products', id=None, ip_config='ip_config_4p.txt', part_config=None, n_classes=None, num_gpus=8, num_epochs=1, num_hidden=256, fan_out='10,25', batch_size=1000, batch_size_eval=100000, log_every=20, eval_every=1, lr=0.003, dropout=0.5, model_num_hidden=256.0, local_rank=None, standalone=False, sparse_lr=0.01, dgl_sparse=True)
Namespace(graph_name='ogbn-products', id=None, ip_config='ip_config_4p.txt', part_config=None, n_classes=None, num_gpus=8, num_epochs=1, num_hidden=256, fan_out='10,25', batch_size=1000, batch_size_eval=100000, log_every=20, eval_every=1, lr=0.003, dropout=0.5, model_num_hidden=256.0, local_rank=None, standalone=False, sparse_lr=0.01, dgl_sparse=True)
Namespace(graph_name='ogbn-products', id=None, ip_config='ip_config_4p.txt', part_config=None, n_classes=None, num_gpus=8, num_epochs=1, num_hidden=256, fan_out='10,25', batch_size=1000, batch_size_eval=100000, log_every=20, eval_every=1, lr=0.003, dropout=0.5, model_num_hidden=256.0, local_rank=None, standalone=False, sparse_lr=0.01, dgl_sparse=True)
Namespace(graph_name='ogbn-products', id=None, ip_config='ip_config_4p.txt', part_config=None, n_classes=None, num_gpus=8, num_epochs=1, num_hidden=256, fan_out='10,25', batch_size=1000, batch_size_eval=100000, log_every=20, eval_every=1, lr=0.003, dropout=0.5, model_num_hidden=256, local_rank=None, standalone=False, sparse_lr=0.01, dgl_sparse=True)
Namespace(graph_name='ogbn-products', id=None, ip_config='ip_config_4p.txt', part_config=None, n_classes=None, num_gpus=8, num_epochs=1, num_hidden=256, fan_out='10,25', batch_size=1000, batch_size_eval=100000, log_every=20, eval_every=1, lr=0.003, dropout=0.5, model_num_hidden=256.0, local_rank=None, standalone=False, sparse_lr=0.01, dgl_sparse=True)
Client [18016] waits on 172.31.30.102:54439
Client [18017] waits on 172.31.30.102:53115
Client [18013] waits on 172.31.30.102:51941
Client [47515] waits on 172.31.25.11:50345
Client [47518] waits on 172.31.25.11:47423
Client [47514] waits on 172.31.25.11:45165
Client [47520] waits on 172.31.25.11:41593
Machine (0) group (0) client (24) connect to server successfuly!
Machine (0) group (0) client (25) connect to server successfuly!
Machine (0) group (0) client (26) connect to server successfuly!
Machine (0) group (0) client (22) connect to server successfuly!
Machine (1) group (0) client (60) connect to server successfuly!
Machine (1) group (0) client (61) connect to server successfuly!
Machine (1) group (0) client (63) connect to server successfuly!
Client [47516] waits on 172.31.25.11:39329
Client [47519] waits on 172.31.25.11:37515
Machine (0) group (0) client (20) connect to server successfuly!
Client [47513] waits on 172.31.25.11:37091
Machine (0) group (0) client (18) connect to server successfuly!
Machine (0) group (0) client (17) connect to server successfuly!
Client [19265] waits on 172.31.19.227:57903
Machine (2) group (0) client (14) connect to server successfuly!
Client [19262] waits on 172.31.19.227:33335
Client [19267] waits on 172.31.19.227:36245
Client [19263] waits on 172.31.19.227:39451
Machine (2) group (0) client (0) connect to server successfuly!
Machine (2) group (0) client (2) connect to server successfuly!
Machine (2) group (0) client (1) connect to server successfuly!
Client [19264] waits on 172.31.19.227:44009
Client [19261] waits on 172.31.19.227:44521
Machine (2) group (0) client (5) connect to server successfuly!
Client [19266] waits on 172.31.19.227:45269
Machine (2) group (0) client (6) connect to server successfuly!
Machine (2) group (0) client (7) connect to server successfuly!
Client [19260] waits on 172.31.19.227:51445
Machine (2) group (0) client (10) connect to server successfuly!
Client [47517] waits on 172.31.25.11:59795
Client [23463] waits on 172.31.28.240:37709
Client [23461] waits on 172.31.28.240:38727
Client [23458] waits on 172.31.28.240:40977
Client [23457] waits on 172.31.28.240:48801
Client [23456] waits on 172.31.28.240:50667
Machine (3) group (0) client (33) connect to server successfuly!
Machine (0) group (0) client (31) connect to server successfuly!
Machine (3) group (0) client (34) connect to server successfuly!Machine (3) group (0) client (35) connect to server successfuly!

Client [23462] waits on 172.31.28.240:57439Machine (3) group (0) client (36) connect to server successfuly!

Client [23460] waits on 172.31.28.240:56789
Machine (3) group (0) client (37) connect to server successfuly!
Client [23459] waits on 172.31.28.240:58055
Machine (3) group (0) client (45) connect to server successfuly!
Client [18015] waits on 172.31.30.102:34125
Client [18014] waits on 172.31.30.102:35881
Machine (3) group (0) client (43) connect to server successfuly!
Machine (1) group (0) client (49) connect to server successfuly!
Machine (3) group (0) client (46) connect to server successfuly!
Machine (1) group (0) client (50) connect to server successfuly!
Client [18011] waits on 172.31.30.102:45877
Client [18012] waits on 172.31.30.102:41681
Client [18010] waits on 172.31.30.102:46415
Machine (1) group (0) client (56) connect to server successfuly!
Machine (1) group (0) client (55) connect to server successfuly!
Machine (1) group (0) client (57) connect to server successfuly!
rank: 0
rank: 24
rank:rank:  2829

rank: 8
rank:rank:  911

rank: 30
rank: rank: 13
rank: 10
25
rank:rank:rank:  3 6rank:
5
 4

rank: 7
rank: 18
rank: rank:19
 17
rank: 16
rank: 31rank: 1rank:
 2

rank: 23
rank: 15
rank: 12
rank: 21
rank: 14
rank: 20
rank: 26
rank: 22
rank: 27
part 3, train: 6144 (local: 6144), val: 1229 (local: 1229), test: 69159 (local: 69159)
part 6, train: 6145 (local: 6145), val: 1229 (local: 1229), test: 69159 (local: 69159)
part 2, train: 6144 (local: 6144), val: 1229 (local: 1229), test: 69159 (local: 69159)
part 0, train: 6145 (local: 6145), val: 1229 (local: 1229), test: 69160 (local: 69160)
part 4, train: 6144 (local: 6144), val: 1228 (local: 1228), test: 69159 (local: 69159)
part 5, train: 6144 (local: 6144), val: 1229 (local: 1229), test: 69159 (local: 69159)
part 1, train: 6144 (local: 6144), val: 1229 (local: 1229), test: 69159 (local: 69159)
part 7, train: 6144 (local: 6144), val: 1229 (local: 1229), test: 69159 (local: 69159)
part 14, train: 6144 (local: 6014), val: 1228 (local: 1178), test: 69159 (local: 67487)
part 15, train: 6144 (local: 6007), val: 1229 (local: 1179), test: 69159 (local: 67364)
part 18, train: 6145 (local: 6005), val: 1229 (local: 1212), test: 69160 (local: 68995)
part 9, train: 6144 (local: 5992), val: 1229 (local: 1188), test: 69159 (local: 67368)
part 11, train: 6144 (local: 5995), val: 1229 (local: 1187), test: 69159 (local: 67372)
#labels: 47
Create emb_layer
part 21, train: 6144 (local: 6057), val: 1228 (local: 1206), test: 69159 (local: 68995)
part 8, train: 6144 (local: 5997), val: 1229 (local: 1183), test: 69159 (local: 67378)
part 28, train: 6144 (local: 5925), val: 1229 (local: 1199), test: 69159 (local: 67341)
part 16, train: 6144 (local: 6038), val: 1229 (local: 1211), test: 69159 (local: 68973)
part 20, train: 6144 (local: 6031), val: 1229 (local: 1204), test: 69159 (local: 68977)
part 29, train: 6144 (local: 5933), val: 1229 (local: 1201), test: 69159 (local: 67290)
#labels: 47
part 13, train: 6145 (local: 5999), val: 1229 (local: 1179), test: 69160 (local: 67441)
part 17, train: 6144 (local: 6041), val: 1229 (local: 1212), test: 69159 (local: 68985)
Create emb_layer
part 19, train: 6144 (local: 6054), val: 1229 (local: 1208), test: 69159 (local: 69004)
part 10, train: 6144 (local: 5989), val: 1229 (local: 1192), test: 69159 (local: 67473)
#labels: 47
#labels: 47
Create emb_layer
Create emb_layer
#labels: 47
Create emb_layer
#labels: 47
Create emb_layer
part 23, train: 6145 (local: 6050), val: 1229 (local: 1203), test: 69159 (local: 68985)
part 30, train: 6144 (local: 5939), val: 1228 (local: 1202), test: 69159 (local: 67328)
part 24, train: 6144 (local: 5950), val: 1229 (local: 1200), test: 69159 (local: 67401)
#labels: 47
Create emb_layer
part 31, train: 6145 (local: 5929), val: 1229 (local: 1204), test: 69159 (local: 67382)
part 12, train: 6145 (local: 5984), val: 1229 (local: 1185), test: 69159 (local: 67363)
part 22, train: 6144 (local: 6034), val: 1229 (local: 1216), test: 69159 (local: 69009)
part 26, train: 6144 (local: 5952), val: 1229 (local: 1200), test: 69159 (local: 67348)
part 27, train: 6144 (local: 5946), val: 1228 (local: 1204), test: 69159 (local: 67407)
part 25, train: 6144 (local: 5958), val: 1229 (local: 1203), test: 69159 (local: 67364)
#labels: 47
Create emb_layer
#labels: 47
Create emb_layer
#labels: 47
Create emb_layer
#labels: 47
Create emb_layer
#labels: 47
Create emb_layer
#labels: 47
Create emb_layer
#labels: 47
Create emb_layer
#labels: 47
Create emb_layer
#labels: 47
Create emb_layer
#labels: 47
Create emb_layer
#labels: 47
#labels: 47
Create emb_layerCreate emb_layer

#labels: 47
#labels: 47
Create emb_layer
Create emb_layer
#labels: 47
Create emb_layer
#labels: 47
Create emb_layer
#labels: 47
#labels: 47
Create emb_layer
Create emb_layer
#labels: 47
#labels: 47
Create emb_layer
Create emb_layer
#labels: 47
Create emb_layer
#labels: 47
Create emb_layer
#labels: 47
Create emb_layer
#labels: 47
Create emb_layer
#labels: 47
Create emb_layer
Create model
Create model
Create model
Create model
Create model
Create model
Create model
Create model
Create model
Create model
Create model
Create model
Create model
Create model
Create model
Create model
Create model
Create model
Create modelCreate model

Create model
Create model
Create model
Create model
Create model
Create model
Create model
Create model
Create model
Create model
Create model
Create model
Client[37] in group[0] is exiting...
Client[60] in group[0] is exiting...
Client[56] in group[0] is exiting...
Client[34] in group[0] is exiting...
Client[36] in group[0] is exiting...
Client[0] in group[0] is exiting...
Client[6] in group[0] is exiting...
Client[2] in group[0] is exiting...
Client[55] in group[0] is exiting...
Client[49] in group[0] is exiting...
Client[43] in group[0] is exiting...
Client[10] in group[0] is exiting...
Client[57] in group[0] is exiting...
Client[50] in group[0] is exiting...
Client[63] in group[0] is exiting...
Client[35] in group[0] is exiting...
Client[14] in group[0] is exiting...
Client[7] in group[0] is exiting...
Client[33] in group[0] is exiting...
Client[5] in group[0] is exiting...
Client[1] in group[0] is exiting...
Client[61] in group[0] is exiting...
Client[46] in group[0] is exiting...
Client[45] in group[0] is exiting...
