The number of OMP threads per trainer is set to 6
Namespace(graph_name='ogbn-products', id=None, ip_config='ip_config_4p.txt', part_config=None, n_classes=None, num_gpus=8, num_epochs=20, num_hidden=256, fan_out='10,25', batch_size=1000, batch_size_eval=100000, log_every=20, eval_every=1, lr=0.003, feat_dropout=0.1, attn_dropout=0.1, model_num_hidden=32.0, heads='8,1', local_rank=None, standalone=False, sparse_lr=0.01, dgl_sparse=True)
Namespace(graph_name='ogbn-products', id=None, ip_config='ip_config_4p.txt', part_config=None, n_classes=None, num_gpus=8, num_epochs=20, num_hidden=256, fan_out='10,25', batch_size=1000, batch_size_eval=100000, log_every=20, eval_every=1, lr=0.003, feat_dropout=0.1, attn_dropout=0.1, model_num_hidden=32.0, heads='8,1', local_rank=None, standalone=False, sparse_lr=0.01, dgl_sparse=True)
Namespace(graph_name='ogbn-products', id=None, ip_config='ip_config_4p.txt', part_config=None, n_classes=None, num_gpus=8, num_epochs=20, num_hidden=256, fan_out='10,25', batch_size=1000, batch_size_eval=100000, log_every=20, eval_every=1, lr=0.003, feat_dropout=0.1, attn_dropout=0.1, model_num_hidden=32.0, heads='8,1', local_rank=None, standalone=False, sparse_lr=0.01, dgl_sparse=True)
Namespace(graph_name='ogbn-products', id=None, ip_config='ip_config_4p.txt', part_config=None, n_classes=None, num_gpus=8, num_epochs=20, num_hidden=256, fan_out='10,25', batch_size=1000, batch_size_eval=100000, log_every=20, eval_every=1, lr=0.003, feat_dropout=0.1, attn_dropout=0.1, model_num_hidden=32.0, heads='8,1', local_rank=None, standalone=False, sparse_lr=0.01, dgl_sparse=True)
Namespace(graph_name='ogbn-products', id=None, ip_config='ip_config_4p.txt', part_config=None, n_classes=None, num_gpus=8, num_epochs=20, num_hidden=256, fan_out='10,25', batch_size=1000, batch_size_eval=100000, log_every=20, eval_every=1, lr=0.003, feat_dropout=0.1, attn_dropout=0.1, model_num_hidden=32.0, heads='8,1', local_rank=None, standalone=False, sparse_lr=0.01, dgl_sparse=True)
Namespace(graph_name='ogbn-products', id=None, ip_config='ip_config_4p.txt', part_config=None, n_classes=None, num_gpus=8, num_epochs=20, num_hidden=256, fan_out='10,25', batch_size=1000, batch_size_eval=100000, log_every=20, eval_every=1, lr=0.003, feat_dropout=0.1, attn_dropout=0.1, model_num_hidden=32.0, heads='8,1', local_rank=None, standalone=False, sparse_lr=0.01, dgl_sparse=True)
Namespace(graph_name='ogbn-products', id=None, ip_config='ip_config_4p.txt', part_config=None, n_classes=None, num_gpus=8, num_epochs=20, num_hidden=256, fan_out='10,25', batch_size=1000, batch_size_eval=100000, log_every=20, eval_every=1, lr=0.003, feat_dropout=0.1, attn_dropout=0.1, model_num_hidden=32.0, heads='8,1', local_rank=None, standalone=False, sparse_lr=0.01, dgl_sparse=True)
Namespace(graph_name='ogbn-products', id=None, ip_config='ip_config_4p.txt', part_config=None, n_classes=None, num_gpus=8, num_epochs=20, num_hidden=256, fan_out='10,25', batch_size=1000, batch_size_eval=100000, log_every=20, eval_every=1, lr=0.003, feat_dropout=0.1, attn_dropout=0.1, model_num_hidden=32.0, heads='8,1', local_rank=None, standalone=False, sparse_lr=0.01, dgl_sparse=True)
Namespace(graph_name='ogbn-products', id=None, ip_config='ip_config_4p.txt', part_config=None, n_classes=None, num_gpus=8, num_epochs=20, num_hidden=256, fan_out='10,25', batch_size=1000, batch_size_eval=100000, log_every=20, eval_every=1, lr=0.003, feat_dropout=0.1, attn_dropout=0.1, model_num_hidden=32.0, heads='8,1', local_rank=None, standalone=False, sparse_lr=0.01, dgl_sparse=True)
Namespace(graph_name='ogbn-products', id=None, ip_config='ip_config_4p.txt', part_config=None, n_classes=None, num_gpus=8, num_epochs=20, num_hidden=256, fan_out='10,25', batch_size=1000, batch_size_eval=100000, log_every=20, eval_every=1, lr=0.003, feat_dropout=0.1, attn_dropout=0.1, model_num_hidden=32.0, heads='8,1', local_rank=None, standalone=False, sparse_lr=0.01, dgl_sparse=True)
Namespace(graph_name='ogbn-products', id=None, ip_config='ip_config_4p.txt', part_config=None, n_classes=None, num_gpus=8, num_epochs=20, num_hidden=256, fan_out='10,25', batch_size=1000, batch_size_eval=100000, log_every=20, eval_every=1, lr=0.003, feat_dropout=0.1, attn_dropout=0.1, model_num_hidden=32.0, heads='8,1', local_rank=None, standalone=False, sparse_lr=0.01, dgl_sparse=True)
Namespace(graph_name='ogbn-products', id=None, ip_config='ip_config_4p.txt', part_config=None, n_classes=None, num_gpus=8, num_epochs=20, num_hidden=256, fan_out='10,25', batch_size=1000, batch_size_eval=100000, log_every=20, eval_every=1, lr=0.003, feat_dropout=0.1, attn_dropout=0.1, model_num_hidden=32.0, heads='8,1', local_rank=None, standalone=False, sparse_lr=0.01, dgl_sparse=True)
Namespace(graph_name='ogbn-products', id=None, ip_config='ip_config_4p.txt', part_config=None, n_classes=None, num_gpus=8, num_epochs=20, num_hidden=256, fan_out='10,25', batch_size=1000, batch_size_eval=100000, log_every=20, eval_every=1, lr=0.003, feat_dropout=0.1, attn_dropout=0.1, model_num_hidden=32.0, heads='8,1', local_rank=None, standalone=False, sparse_lr=0.01, dgl_sparse=True)
Namespace(graph_name='ogbn-products', id=None, ip_config='ip_config_4p.txt', part_config=None, n_classes=None, num_gpus=8, num_epochs=20, num_hidden=256, fan_out='10,25', batch_size=1000, batch_size_eval=100000, log_every=20, eval_every=1, lr=0.003, feat_dropout=0.1, attn_dropout=0.1, model_num_hidden=32.0, heads='8,1', local_rank=None, standalone=False, sparse_lr=0.01, dgl_sparse=True)
Namespace(graph_name='ogbn-products', id=None, ip_config='ip_config_4p.txt', part_config=None, n_classes=None, num_gpus=8, num_epochs=20, num_hidden=256, fan_out='10,25', batch_size=1000, batch_size_eval=100000, log_every=20, eval_every=1, lr=0.003, feat_dropout=0.1, attn_dropout=0.1, model_num_hidden=32.0, heads='8,1', local_rank=None, standalone=False, sparse_lr=0.01, dgl_sparse=True)
Namespace(graph_name='ogbn-products', id=None, ip_config='ip_config_4p.txt', part_config=None, n_classes=None, num_gpus=8, num_epochs=20, num_hidden=256, fan_out='10,25', batch_size=1000, batch_size_eval=100000, log_every=20, eval_every=1, lr=0.003, feat_dropout=0.1, attn_dropout=0.1, model_num_hidden=32.0, heads='8,1', local_rank=None, standalone=False, sparse_lr=0.01, dgl_sparse=True)
Namespace(graph_name='ogbn-products', id=None, ip_config='ip_config_4p.txt', part_config=None, n_classes=None, num_gpus=8, num_epochs=20, num_hidden=256, fan_out='10,25', batch_size=1000, batch_size_eval=100000, log_every=20, eval_every=1, lr=0.003, feat_dropout=0.1, attn_dropout=0.1, model_num_hidden=32.0, heads='8,1', local_rank=None, standalone=False, sparse_lr=0.01, dgl_sparse=True)
Namespace(graph_name='ogbn-products', id=None, ip_config='ip_config_4p.txt', part_config=None, n_classes=None, num_gpus=8, num_epochs=20, num_hidden=256, fan_out='10,25', batch_size=1000, batch_size_eval=100000, log_every=20, eval_every=1, lr=0.003, feat_dropout=0.1, attn_dropout=0.1, model_num_hidden=32.0, heads='8,1', local_rank=None, standalone=False, sparse_lr=0.01, dgl_sparse=True)
Namespace(graph_name='ogbn-products', id=None, ip_config='ip_config_4p.txt', part_config=None, n_classes=None, num_gpus=8, num_epochs=20, num_hidden=256, fan_out='10,25', batch_size=1000, batch_size_eval=100000, log_every=20, eval_every=1, lr=0.003, feat_dropout=0.1, attn_dropout=0.1, model_num_hidden=32.0, heads='8,1', local_rank=None, standalone=False, sparse_lr=0.01, dgl_sparse=True)
Namespace(graph_name='ogbn-products', id=None, ip_config='ip_config_4p.txt', part_config=None, n_classes=None, num_gpus=8, num_epochs=20, num_hidden=256, fan_out='10,25', batch_size=1000, batch_size_eval=100000, log_every=20, eval_every=1, lr=0.003, feat_dropout=0.1, attn_dropout=0.1, model_num_hidden=32.0, heads='8,1', local_rank=None, standalone=False, sparse_lr=0.01, dgl_sparse=True)
Namespace(graph_name='ogbn-products', id=None, ip_config='ip_config_4p.txt', part_config=None, n_classes=None, num_gpus=8, num_epochs=20, num_hidden=256, fan_out='10,25', batch_size=1000, batch_size_eval=100000, log_every=20, eval_every=1, lr=0.003, feat_dropout=0.1, attn_dropout=0.1, model_num_hidden=32.0, heads='8,1', local_rank=None, standalone=False, sparse_lr=0.01, dgl_sparse=True)
Namespace(graph_name='ogbn-products', id=None, ip_config='ip_config_4p.txt', part_config=None, n_classes=None, num_gpus=8, num_epochs=20, num_hidden=256, fan_out='10,25', batch_size=1000, batch_size_eval=100000, log_every=20, eval_every=1, lr=0.003, feat_dropout=0.1, attn_dropout=0.1, model_num_hidden=32.0, heads='8,1', local_rank=None, standalone=False, sparse_lr=0.01, dgl_sparse=True)
Namespace(graph_name='ogbn-products', id=None, ip_config='ip_config_4p.txt', part_config=None, n_classes=None, num_gpus=8, num_epochs=20, num_hidden=256, fan_out='10,25', batch_size=1000, batch_size_eval=100000, log_every=20, eval_every=1, lr=0.003, feat_dropout=0.1, attn_dropout=0.1, model_num_hidden=32.0, heads='8,1', local_rank=None, standalone=False, sparse_lr=0.01, dgl_sparse=True)
Namespace(graph_name='ogbn-products', id=None, ip_config='ip_config_4p.txt', part_config=None, n_classes=None, num_gpus=8, num_epochs=20, num_hidden=256, fan_out='10,25', batch_size=1000, batch_size_eval=100000, log_every=20, eval_every=1, lr=0.003, feat_dropout=0.1, attn_dropout=0.1, model_num_hidden=32.0, heads='8,1', local_rank=None, standalone=False, sparse_lr=0.01, dgl_sparse=True)
Namespace(graph_name='ogbn-products', id=None, ip_config='ip_config_4p.txt', part_config=None, n_classes=None, num_gpus=8, num_epochs=20, num_hidden=256, fan_out='10,25', batch_size=1000, batch_size_eval=100000, log_every=20, eval_every=1, lr=0.003, feat_dropout=0.1, attn_dropout=0.1, model_num_hidden=32.0, heads='8,1', local_rank=None, standalone=False, sparse_lr=0.01, dgl_sparse=True)
Namespace(graph_name='ogbn-products', id=None, ip_config='ip_config_4p.txt', part_config=None, n_classes=None, num_gpus=8, num_epochs=20, num_hidden=256, fan_out='10,25', batch_size=1000, batch_size_eval=100000, log_every=20, eval_every=1, lr=0.003, feat_dropout=0.1, attn_dropout=0.1, model_num_hidden=32.0, heads='8,1', local_rank=None, standalone=False, sparse_lr=0.01, dgl_sparse=True)
Namespace(graph_name='ogbn-products', id=None, ip_config='ip_config_4p.txt', part_config=None, n_classes=None, num_gpus=8, num_epochs=20, num_hidden=256, fan_out='10,25', batch_size=1000, batch_size_eval=100000, log_every=20, eval_every=1, lr=0.003, feat_dropout=0.1, attn_dropout=0.1, model_num_hidden=32.0, heads='8,1', local_rank=None, standalone=False, sparse_lr=0.01, dgl_sparse=True)
Namespace(graph_name='ogbn-products', id=None, ip_config='ip_config_4p.txt', part_config=None, n_classes=None, num_gpus=8, num_epochs=20, num_hidden=256, fan_out='10,25', batch_size=1000, batch_size_eval=100000, log_every=20, eval_every=1, lr=0.003, feat_dropout=0.1, attn_dropout=0.1, model_num_hidden=32.0, heads='8,1', local_rank=None, standalone=False, sparse_lr=0.01, dgl_sparse=True)
Namespace(graph_name='ogbn-products', id=None, ip_config='ip_config_4p.txt', part_config=None, n_classes=None, num_gpus=8, num_epochs=20, num_hidden=256, fan_out='10,25', batch_size=1000, batch_size_eval=100000, log_every=20, eval_every=1, lr=0.003, feat_dropout=0.1, attn_dropout=0.1, model_num_hidden=32.0, heads='8,1', local_rank=None, standalone=False, sparse_lr=0.01, dgl_sparse=True)
Namespace(graph_name='ogbn-products', id=None, ip_config='ip_config_4p.txt', part_config=None, n_classes=None, num_gpus=8, num_epochs=20, num_hidden=256, fan_out='10,25', batch_size=1000, batch_size_eval=100000, log_every=20, eval_every=1, lr=0.003, feat_dropout=0.1, attn_dropout=0.1, model_num_hidden=32.0, heads='8,1', local_rank=None, standalone=False, sparse_lr=0.01, dgl_sparse=True)
Namespace(graph_name='ogbn-products', id=None, ip_config='ip_config_4p.txt', part_config=None, n_classes=None, num_gpus=8, num_epochs=20, num_hidden=256, fan_out='10,25', batch_size=1000, batch_size_eval=100000, log_every=20, eval_every=1, lr=0.003, feat_dropout=0.1, attn_dropout=0.1, model_num_hidden=32.0, heads='8,1', local_rank=None, standalone=False, sparse_lr=0.01, dgl_sparse=True)
Namespace(graph_name='ogbn-products', id=None, ip_config='ip_config_4p.txt', part_config=None, n_classes=None, num_gpus=8, num_epochs=20, num_hidden=256, fan_out='10,25', batch_size=1000, batch_size_eval=100000, log_every=20, eval_every=1, lr=0.003, feat_dropout=0.1, attn_dropout=0.1, model_num_hidden=32.0, heads='8,1', local_rank=None, standalone=False, sparse_lr=0.01, dgl_sparse=True)
Client [16347] waits on 172.31.30.102:59783
Client [16349] waits on 172.31.30.102:59441
Client [16350] waits on 172.31.30.102:57757
Client [44720] waits on 172.31.25.11:56499
Client [44726] waits on 172.31.25.11:52771
Client [44724] waits on 172.31.25.11:46251
Machine (0) group (0) client (27) connect to server successfuly!
Machine (0) group (0) client (23) connect to server successfuly!
Machine (0) group (0) client (28) connect to server successfuly!
Machine (1) group (0) client (60) connect to server successfuly!
Machine (1) group (0) client (61) connect to server successfuly!Machine (1) group (0) client (62) connect to server successfuly!

Client [44722] waits on 172.31.25.11:44299
Machine (0) group (0) client (21) connect to server successfuly!
Client [44723] waits on 172.31.25.11:38595
Client [44719] waits on 172.31.25.11:36423
Client [44721] waits on 172.31.25.11:33107
Machine (0) group (0) client (17) connect to server successfuly!
Machine (0) group (0) client (18) connect to server successfuly!
Machine (0) group (0) client (16) connect to server successfuly!
Client [17615] waits on 172.31.19.227:50753
Client [17609] waits on 172.31.19.227:34787
Machine (2) group (0) client (13) connect to server successfuly!
Machine (2) group (0) client (0) connect to server successfuly!
Client [17614] waits on 172.31.19.227:38043
Client [17612] waits on 172.31.19.227:38171
Machine (2) group (0) client (3) connect to server successfuly!
Client [17613] waits on 172.31.19.227:39043
Machine (2) group (0) client (4) connect to server successfuly!
Machine (2) group (0) client (5) connect to server successfuly!
Client [17610] waits on 172.31.19.227:43673
Client [17611] waits on 172.31.19.227:48523
Machine (2) group (0) client (8) connect to server successfuly!
Client [17616] waits on 172.31.19.227:48995
Machine (2) group (0) client (11) connect to server successfuly!
Client [44725] waits on 172.31.25.11:59141
Machine (2) group (0) client (12) connect to server successfuly!
Client [20373] waits on 172.31.28.240:32815
Client [20372] waits on 172.31.28.240:36929
Machine (0) group (0) client (31) connect to server successfuly!
Client [20378] waits on 172.31.28.240:40909Client [20374] waits on 172.31.28.240:43579

Machine (3) group (0) client (32) connect to server successfuly!
Client [20371] waits on 172.31.28.240:48521
Client [20375] waits on 172.31.28.240:54877
Machine (3) group (0) client (34) connect to server successfuly!
Client [20377] waits on 172.31.28.240:56269
Machine (3) group (0) client (37) connect to server successfuly!
Client [20376] waits on 172.31.28.240:56831
Machine (3) group (0) client (38) connect to server successfuly!
Machine (3) group (0) client (41) connect to server successfuly!
Client [16346] waits on 172.31.30.102:35629
Machine (3) group (0) client (44) connect to server successfuly!
Machine (3) group (0) client (45) connect to server successfuly!
Client [16345] waits on 172.31.30.102:35983
Machine (3) group (0) client (46) connect to server successfuly!
Machine (1) group (0) client (49) connect to server successfuly!
Client [16343] waits on 172.31.30.102:43239
Machine (1) group (0) client (50) connect to server successfuly!
Machine (1) group (0) client (53) connect to server successfuly!
Client [16344] waits on 172.31.30.102:54639
Client [16348] waits on 172.31.30.102:52509
Machine (1) group (0) client (58) connect to server successfuly!
Machine (1) group (0) client (57) connect to server successfuly!
rank: 1
rank: 0
rank: rank:15
 9
rank: 31
rank: 24
rank: 26
rank:rank:  1211

rank: 8
rank:rank:  53

rank:rank: rank: 72
 
rank: 304
rank:rank: 16
rank: 18

rank: 22
 6
rank:rank:  2527

rank: 19rank: 13

rank: 17rank: 14

rank: 10
rank: 28
rank: 23
rank: 20
rank: 21
rank: 29
part 1, train: 6144 (local: 6144), val: 1229 (local: 1229), test: 69159 (local: 69159)
part 7, train: 6144 (local: 6144), val: 1229 (local: 1229), test: 69159 (local: 69159)
part 5, train: 6144 (local: 6144), val: 1229 (local: 1229), test: 69159 (local: 69159)
part 4, train: 6144 (local: 6144), val: 1229 (local: 1229), test: 69159 (local: 69159)
part 2, train: 6145 (local: 6145), val: 1229 (local: 1229), test: 69160 (local: 69160)
part 0, train: 6145 (local: 6145), val: 1229 (local: 1229), test: 69159 (local: 69159)
part 3, train: 6144 (local: 6144), val: 1229 (local: 1229), test: 69159 (local: 69159)
part 6, train: 6144 (local: 6144), val: 1228 (local: 1228), test: 69159 (local: 69159)
part 9, train: 6144 (local: 5997), val: 1229 (local: 1183), test: 69159 (local: 67378)
part 13, train: 6144 (local: 5992), val: 1229 (local: 1188), test: 69159 (local: 67368)
part 19, train: 6144 (local: 6054), val: 1229 (local: 1208), test: 69159 (local: 69004)
#labels: 47
Create emb_layer
part 14, train: 6144 (local: 6007), val: 1229 (local: 1179), test: 69159 (local: 67364)
part 11, train: 6145 (local: 5999), val: 1229 (local: 1179), test: 69160 (local: 67441)
part 26, train: 6145 (local: 5929), val: 1229 (local: 1204), test: 69159 (local: 67382)
part 30, train: 6144 (local: 5939), val: 1228 (local: 1202), test: 69159 (local: 67328)
part 29, train: 6144 (local: 5946), val: 1228 (local: 1204), test: 69159 (local: 67407)
part 24, train: 6144 (local: 5950), val: 1229 (local: 1200), test: 69159 (local: 67401)
part 21, train: 6145 (local: 6050), val: 1229 (local: 1203), test: 69159 (local: 68985)
part 31, train: 6144 (local: 5952), val: 1229 (local: 1200), test: 69159 (local: 67348)
part 27, train: 6144 (local: 5958), val: 1229 (local: 1203), test: 69159 (local: 67364)
part 12, train: 6144 (local: 6014), val: 1228 (local: 1178), test: 69159 (local: 67487)
part 10, train: 6145 (local: 5984), val: 1229 (local: 1185), test: 69159 (local: 67363)
part 25, train: 6144 (local: 5933), val: 1229 (local: 1201), test: 69159 (local: 67290)
part 15, train: 6144 (local: 5995), val: 1229 (local: 1187), test: 69159 (local: 67372)
part 17, train: 6144 (local: 6041), val: 1229 (local: 1212), test: 69159 (local: 68985)
part 20, train: 6144 (local: 6031), val: 1229 (local: 1204), test: 69159 (local: 68977)
part 16, train: 6145 (local: 6005), val: 1229 (local: 1212), test: 69160 (local: 68995)
part 28, train: 6144 (local: 5925), val: 1229 (local: 1199), test: 69159 (local: 67341)
part 22, train: 6144 (local: 6057), val: 1228 (local: 1206), test: 69159 (local: 68995)
part 23, train: 6144 (local: 6038), val: 1229 (local: 1211), test: 69159 (local: 68973)
part 18, train: 6144 (local: 6034), val: 1229 (local: 1216), test: 69159 (local: 69009)
part 8, train: 6144 (local: 5989), val: 1229 (local: 1192), test: 69159 (local: 67473)
#labels: 47
Create emb_layer
#labels: 47
Create emb_layer
#labels: 47
Create emb_layer
#labels: 47
Create emb_layer
#labels: 47
Create emb_layer
#labels: 47
Create emb_layer
#labels: 47
Create emb_layer
#labels: 47
Create emb_layer
#labels: 47
Create emb_layer
#labels: 47
Create emb_layer
#labels: 47
Create emb_layer
#labels: 47
Create emb_layer
#labels: 47
Create emb_layer
#labels: 47
Create emb_layer
#labels: 47
Create emb_layer
#labels: 47
Create emb_layer
#labels: 47
Create emb_layer
#labels: 47
Create emb_layer
#labels: 47
Create emb_layer
#labels: 47
#labels: 47
Create emb_layer
Create emb_layer
#labels: 47
Create emb_layer
#labels: 47
Create emb_layer
#labels: 47
Create emb_layer
#labels: 47
Create emb_layer
#labels: 47
Create emb_layer
#labels: 47
Create emb_layer
#labels: 47
Create emb_layer
#labels: 47
Create emb_layer
#labels: 47
Create emb_layer
#labels: 47
Create emb_layer
Create model
Create model
Create model
Create model
Create model
Create model
Create model
Create model
Create model
Create model
Create model
Create modelCreate model

Create model
Create model
Create model
Create model
Create model
Create model
Create model
Create model
Create model
Create model
Create model
Create model
Create model
Create model
Create model
Create model
Create model
Create model
Create model
Client[62] in group[0] is exiting...
Client[58] in group[0] is exiting...
Client[60] in group[0] is exiting...
Client[53] in group[0] is exiting...
Client[49] in group[0] is exiting...
Client[57] in group[0] is exiting...
Client[4] in group[0] is exiting...
Client[0] in group[0] is exiting...
Client[13] in group[0] is exiting...
Client[11] in group[0] is exiting...
Client[34] in group[0] is exiting...
Client[41] in group[0] is exiting...
Client[8] in group[0] is exiting...
Client[37] in group[0] is exiting...
Client[32] in group[0] is exiting...
Client[61] in group[0] is exiting...
Client[27] in group[0] is exiting...
Client[28] in group[0] is exiting...
Client[17] in group[0] is exiting...
Client[38] in group[0] is exiting...
Client[45] in group[0] is exiting...
Client[5] in group[0] is exiting...
Client[12] in group[0] is exiting...
Client[3] in group[0] is exiting...
Client[31] in group[0] is exiting...
Client[21] in group[0] is exiting...
Client[23] in group[0] is exiting...
Client[18] in group[0] is exiting...
Client[46] in group[0] is exiting...
Client[44] in group[0] is exiting...
Client[16] in group[0] is exiting...
Client[50] in group[0] is exiting...
Namespace(graph_name='ogbn-products', id=None, ip_config='ip_config_4p.txt', part_config=None, n_classes=None, num_gpus=8, num_epochs=20, num_hidden=256, fan_out='10,25', batch_size=1000, batch_size_eval=100000, log_every=20, eval_every=1, lr=0.003, feat_dropout=0.1, attn_dropout=0.1, model_num_hidden=32.0, heads='8,1', local_rank=None, standalone=False, sparse_lr=0.01, dgl_sparse=True)
load ogbn-products
Start to create specified graph formats which may take non-trivial time.
Finished creating specified graph formats.
start graph service on server 2 for part 2
Server is waiting for connections on [172.31.19.227:30050]...
Server (2) shutdown.
Server is exiting...
Namespace(graph_name='ogbn-products', id=None, ip_config='ip_config_4p.txt', part_config=None, n_classes=None, num_gpus=8, num_epochs=20, num_hidden=256, fan_out='10,25', batch_size=1000, batch_size_eval=100000, log_every=20, eval_every=1, lr=0.003, feat_dropout=0.1, attn_dropout=0.1, model_num_hidden=32.0, heads='8,1', local_rank=None, standalone=False, sparse_lr=0.01, dgl_sparse=True)
load ogbn-products
Start to create specified graph formats which may take non-trivial time.
Finished creating specified graph formats.
start graph service on server 0 for part 0
Server is waiting for connections on [172.31.25.11:30050]...
Server (0) shutdown.
Server is exiting...
Namespace(graph_name='ogbn-products', id=None, ip_config='ip_config_4p.txt', part_config=None, n_classes=None, num_gpus=8, num_epochs=20, num_hidden=256, fan_out='10,25', batch_size=1000, batch_size_eval=100000, log_every=20, eval_every=1, lr=0.003, feat_dropout=0.1, attn_dropout=0.1, model_num_hidden=32.0, heads='8,1', local_rank=None, standalone=False, sparse_lr=0.01, dgl_sparse=True)
load ogbn-products
Start to create specified graph formats which may take non-trivial time.
Finished creating specified graph formats.
start graph service on server 3 for part 3
Server is waiting for connections on [172.31.28.240:30050]...
Server (3) shutdown.
Server is exiting...
Namespace(graph_name='ogbn-products', id=None, ip_config='ip_config_4p.txt', part_config=None, n_classes=None, num_gpus=8, num_epochs=20, num_hidden=256, fan_out='10,25', batch_size=1000, batch_size_eval=100000, log_every=20, eval_every=1, lr=0.003, feat_dropout=0.1, attn_dropout=0.1, model_num_hidden=32.0, heads='8,1', local_rank=None, standalone=False, sparse_lr=0.01, dgl_sparse=True)
load ogbn-products
Start to create specified graph formats which may take non-trivial time.
Finished creating specified graph formats.
start graph service on server 1 for part 1
Server is waiting for connections on [172.31.30.102:30050]...
Server (1) shutdown.
Server is exiting...
Client [20478] waits on 172.31.28.240:49305
Machine (3) group (0) client (42) connect to server successfuly!
Client[42] in group[0] is exiting...
Client [44844] waits on 172.31.25.11:40323
Machine (0) group (0) client (19) connect to server successfuly!
Client[19] in group[0] is exiting...
Client [20482] waits on 172.31.28.240:33037
Machine (3) group (0) client (33) connect to server successfuly!
Client[33] in group[0] is exiting...
Client [44842] waits on 172.31.25.11:49733
Machine (0) group (0) client (25) connect to server successfuly!
Client[25] in group[0] is exiting...
Client [44852] waits on 172.31.25.11:43743
Machine (0) group (0) client (20) connect to server successfuly!
Client[20] in group[0] is exiting...
Client [44848] waits on 172.31.25.11:46329
Machine (0) group (0) client (24) connect to server successfuly!
Client[24] in group[0] is exiting...
Client [44840] waits on 172.31.25.11:50323
Machine (0) group (0) client (26) connect to server successfuly!
Client[26] in group[0] is exiting...
Client [44846] waits on 172.31.25.11:56871
Machine (0) group (0) client (29) connect to server successfuly!
Client[29] in group[0] is exiting...
Client [20522] waits on 172.31.28.240:39043
Machine (3) group (0) client (36) connect to server successfuly!
Client[36] in group[0] is exiting...
Client [44850] waits on 172.31.25.11:44917
Machine (0) group (0) client (22) connect to server successfuly!
Client[22] in group[0] is exiting...
Client [44879] waits on 172.31.25.11:56973
Machine (0) group (0) client (30) connect to server successfuly!
Client[30] in group[0] is exiting...
Client [20479] waits on 172.31.28.240:47593
Machine (3) group (0) client (40) connect to server successfuly!
Client[40] in group[0] is exiting...
Client [20477] waits on 172.31.28.240:45021
Machine (3) group (0) client (39) connect to server successfuly!
Client[39] in group[0] is exiting...
Client [17698] waits on 172.31.19.227:45363
Machine (2) group (0) client (10) connect to server successfuly!
Client[10] in group[0] is exiting...
Client [17737] waits on 172.31.19.227:40977
Machine (2) group (0) client (7) connect to server successfuly!
Client[7] in group[0] is exiting...
Client [17718] waits on 172.31.19.227:56865
Machine (2) group (0) client (15) connect to server successfuly!
Client[15] in group[0] is exiting...
Client [17700] waits on 172.31.19.227:35289
Machine (2) group (0) client (1) connect to server successfuly!
Client[1] in group[0] is exiting...
Client [17709] waits on 172.31.19.227:35665
Machine (2) group (0) client (2) connect to server successfuly!
Client[2] in group[0] is exiting...
Client [17716] waits on 172.31.19.227:54191
Machine (2) group (0) client (14) connect to server successfuly!
Client[14] in group[0] is exiting...
Client [17702] waits on 172.31.19.227:40337
Machine (2) group (0) client (6) connect to server successfuly!
Client[6] in group[0] is exiting...
Client [17725] waits on 172.31.19.227:44029
Machine (2) group (0) client (9) connect to server successfuly!
Client[9] in group[0] is exiting...
Client [20483] waits on 172.31.28.240:60095
Machine (3) group (0) client (47) connect to server successfuly!
Client[47] in group[0] is exiting...
Client [20473] waits on 172.31.28.240:38561
Machine (3) group (0) client (35) connect to server successfuly!
Client[35] in group[0] is exiting...
Client [20485] waits on 172.31.28.240:51273
Machine (3) group (0) client (43) connect to server successfuly!
Client[43] in group[0] is exiting...
Client [16438] waits on 172.31.30.102:35183
Machine (1) group (0) client (48) connect to server successfuly!
Client[48] in group[0] is exiting...
Client [16447] waits on 172.31.30.102:55571
Machine (1) group (0) client (59) connect to server successfuly!
Client[59] in group[0] is exiting...
Client [16432] waits on 172.31.30.102:40743
Machine (1) group (0) client (51) connect to server successfuly!
Client[51] in group[0] is exiting...
Client [16436] waits on 172.31.30.102:44965
Machine (1) group (0) client (54) connect to server successfuly!
Client[54] in group[0] is exiting...
Client [16459] waits on 172.31.30.102:49259
Machine (1) group (0) client (55) connect to server successfuly!
Client[55] in group[0] is exiting...
Client [16446] waits on 172.31.30.102:49929
Machine (1) group (0) client (56) connect to server successfuly!
Client[56] in group[0] is exiting...
Client [16481] waits on 172.31.30.102:60801
Machine (1) group (0) client (63) connect to server successfuly!
Client[63] in group[0] is exiting...
Client [16435] waits on 172.31.30.102:40767
Machine (1) group (0) client (52) connect to server successfuly!
Client[52] in group[0] is exiting...
cleanup process runs
Called process error Command 'ssh -o StrictHostKeyChecking=no -p 22 172.31.28.240 'cd /home/ubuntu/workspace/dgl-baseline/src/; (export DGL_DIST_MODE=distributed DGL_ROLE=client DGL_NUM_SAMPLER=1 DGL_NUM_CLIENT=64 DGL_CONF_PATH=/home/ubuntu/workspace/data/products_4p/ogbn-products.json DGL_IP_CONFIG=ip_config_4p.txt DGL_NUM_SERVER=1 DGL_GRAPH_FORMAT=csc OMP_NUM_THREADS=6 DGL_GROUP_ID=0 ; /home/ubuntu/anaconda3/envs/dglbase/bin/python3 -m torch.distributed.run --nproc_per_node=8 --nnodes=4 --node_rank=3 --master_addr=172.31.25.11 --master_port=1234 ~/workspace/dgl-baseline/src/baseline_gat.py --graph_name ogbn-products --ip_config ip_config_4p.txt --num_gpus 8 --num_epochs 20 --eval_every 1    --num_hidden 256 --model_num_hidden 32 --heads 8,1 --feat_dropout 0.1 --attn_dropout 0.1 --lr 0.003 --dgl_sparse --fan_out 10,25)'' returned non-zero exit status 1.
Called process error Command 'ssh -o StrictHostKeyChecking=no -p 22 172.31.30.102 'cd /home/ubuntu/workspace/dgl-baseline/src/; (export DGL_DIST_MODE=distributed DGL_ROLE=client DGL_NUM_SAMPLER=1 DGL_NUM_CLIENT=64 DGL_CONF_PATH=/home/ubuntu/workspace/data/products_4p/ogbn-products.json DGL_IP_CONFIG=ip_config_4p.txt DGL_NUM_SERVER=1 DGL_GRAPH_FORMAT=csc OMP_NUM_THREADS=6 DGL_GROUP_ID=0 ; /home/ubuntu/anaconda3/envs/dglbase/bin/python3 -m torch.distributed.run --nproc_per_node=8 --nnodes=4 --node_rank=1 --master_addr=172.31.25.11 --master_port=1234 ~/workspace/dgl-baseline/src/baseline_gat.py --graph_name ogbn-products --ip_config ip_config_4p.txt --num_gpus 8 --num_epochs 20 --eval_every 1    --num_hidden 256 --model_num_hidden 32 --heads 8,1 --feat_dropout 0.1 --attn_dropout 0.1 --lr 0.003 --dgl_sparse --fan_out 10,25)'' returned non-zero exit status 1.
Called process error Command 'ssh -o StrictHostKeyChecking=no -p 22 172.31.19.227 'cd /home/ubuntu/workspace/dgl-baseline/src/; (export DGL_DIST_MODE=distributed DGL_ROLE=client DGL_NUM_SAMPLER=1 DGL_NUM_CLIENT=64 DGL_CONF_PATH=/home/ubuntu/workspace/data/products_4p/ogbn-products.json DGL_IP_CONFIG=ip_config_4p.txt DGL_NUM_SERVER=1 DGL_GRAPH_FORMAT=csc OMP_NUM_THREADS=6 DGL_GROUP_ID=0 ; /home/ubuntu/anaconda3/envs/dglbase/bin/python3 -m torch.distributed.run --nproc_per_node=8 --nnodes=4 --node_rank=2 --master_addr=172.31.25.11 --master_port=1234 ~/workspace/dgl-baseline/src/baseline_gat.py --graph_name ogbn-products --ip_config ip_config_4p.txt --num_gpus 8 --num_epochs 20 --eval_every 1    --num_hidden 256 --model_num_hidden 32 --heads 8,1 --feat_dropout 0.1 --attn_dropout 0.1 --lr 0.003 --dgl_sparse --fan_out 10,25)'' returned non-zero exit status 1.
Called process error Command 'ssh -o StrictHostKeyChecking=no -p 22 172.31.25.11 'cd /home/ubuntu/workspace/dgl-baseline/src/; (export DGL_DIST_MODE=distributed DGL_ROLE=client DGL_NUM_SAMPLER=1 DGL_NUM_CLIENT=64 DGL_CONF_PATH=/home/ubuntu/workspace/data/products_4p/ogbn-products.json DGL_IP_CONFIG=ip_config_4p.txt DGL_NUM_SERVER=1 DGL_GRAPH_FORMAT=csc OMP_NUM_THREADS=6 DGL_GROUP_ID=0 ; /home/ubuntu/anaconda3/envs/dglbase/bin/python3 -m torch.distributed.run --nproc_per_node=8 --nnodes=4 --node_rank=0 --master_addr=172.31.25.11 --master_port=1234 ~/workspace/dgl-baseline/src/baseline_gat.py --graph_name ogbn-products --ip_config ip_config_4p.txt --num_gpus 8 --num_epochs 20 --eval_every 1    --num_hidden 256 --model_num_hidden 32 --heads 8,1 --feat_dropout 0.1 --attn_dropout 0.1 --lr 0.003 --dgl_sparse --fan_out 10,25)'' returned non-zero exit status 1.
Task failed
